<?xml version="1.0" encoding="UTF-8"?>
<!-- Generated by org.testng.reporters.JUnitReportReporter -->
<testsuite hostname="DESKTOP-326V1L9" failures="0" tests="1" name="tests.MediaLinksVerfication" time="4.282" errors="0" timestamp="2019-11-30T23:51:00 IST" skipped="0">
  <testcase classname="tests.MediaLinksVerfication" name="f" time="4.282"/>
</testsuite> <!-- tests.MediaLinksVerfication -->
